<?xml version="1.0" encoding="UTF-8"?>
<!-- Generated by org.testng.reporters.JUnitXMLReporter -->
<testsuite hostname="DESKTOP-1ESRFEC" ignored="0" name="Default test" tests="4" failures="0" timestamp="05 Feb 2018 05:25:24 GMT" time="35.083" errors="0">
  <testcase name="testB" time="14.362" classname="com.qtpselenium.core.ddf.testcases.TestcaseB"/>
  <testcase name="testB" time="9.736" classname="com.qtpselenium.core.ddf.testcases.TestcaseB"/>
  <testcase name="testB" time="0.039" classname="com.qtpselenium.core.ddf.testcases.TestcaseB">
    <skipped/>
  </testcase> <!-- testB -->
  <testcase name="testB" time="9.146" classname="com.qtpselenium.core.ddf.testcases.TestcaseB"/>
</testsuite> <!-- Default test -->
