<?xml version="1.0" encoding="UTF-8"?>
<!-- Generated by org.testng.reporters.JUnitXMLReporter -->
<testsuite hostname="DESKTOP-1ESRFEC" ignored="0" name="Calculator_Google" tests="4" failures="0" timestamp="14 Jan 2018 22:50:28 GMT" time="1.025" errors="0">
  <testcase name="@BeforeTest before" time="0.508" classname="Grid1.Calculator_Google">
    <failure type="org.openqa.selenium.WebDriverException" message="Unable to parse remote response: &amp;lt;!DOCTYPE html&amp;gt;
&amp;lt;html lang=&amp;quot;en&amp;quot;&amp;gt;
&amp;lt;head&amp;gt;
  &amp;lt;meta charset=&amp;quot;UTF-8&amp;quot;&amp;gt;
  &amp;lt;link rel=&amp;quot;stylesheet&amp;quot; type=&amp;quot;text/css&amp;quot; href=&amp;quot;/assets/displayhelpservlet.css&amp;quot; media=&amp;quot;all&amp;quot;/&amp;gt;
  &amp;lt;link href=&amp;quot;/assets/favicon.ico&amp;quot; rel=&amp;quot;icon&amp;quot; type=&amp;quot;image/x-icon&amp;quot; /&amp;gt;
  &amp;lt;script src=&amp;quot;/assets/jquery-3.1.1.min.js&amp;quot; type=&amp;quot;text/javascript&amp;quot;&amp;gt;&amp;lt;/script&amp;gt;
  &amp;lt;script src=&amp;quot;/assets/displayhelpservlet.js&amp;quot; type=&amp;quot;text/javascript&amp;quot;&amp;gt;&amp;lt;/script&amp;gt;
  &amp;lt;script type=&amp;quot;text/javascript&amp;quot;&amp;gt;
    var json = Object.freeze(&amp;apos;{&amp;quot;version&amp;quot;:&amp;quot;3.8.1&amp;quot;,&amp;quot;type&amp;quot;:&amp;quot;Grid Hub&amp;quot;,&amp;quot;consoleLink&amp;quot;:&amp;quot;/grid/console&amp;quot;}&amp;apos;);
  &amp;lt;/script&amp;gt;
&amp;lt;/head&amp;gt;
&amp;lt;body&amp;gt;

&amp;lt;div id=&amp;quot;content&amp;quot;&amp;gt;
  &amp;lt;div id=&amp;quot;help-heading&amp;quot;&amp;gt;
    &amp;lt;h1&amp;gt;&amp;lt;span id=&amp;quot;logo&amp;quot;&amp;gt;&amp;lt;/span&amp;gt;&amp;lt;/h1&amp;gt;
    &amp;lt;h2&amp;gt;Selenium &amp;lt;span class=&amp;quot;se-type&amp;quot;&amp;gt;&amp;lt;/span&amp;gt;&amp;amp;nbsp;v.&amp;lt;span class=&amp;quot;se-version&amp;quot;&amp;gt;&amp;lt;/span&amp;gt;&amp;lt;/h2&amp;gt;
  &amp;lt;/div&amp;gt;

  &amp;lt;div id=&amp;quot;content-body&amp;quot;&amp;gt;
    &amp;lt;p&amp;gt;
      Whoops! The URL specified routes to this help page.
    &amp;lt;/p&amp;gt;
    &amp;lt;p&amp;gt;
      For more information about Selenium &amp;lt;span class=&amp;quot;se-type&amp;quot;&amp;gt;&amp;lt;/span&amp;gt; please see the
      &amp;lt;a class=&amp;quot;se-docs&amp;quot;&amp;gt;docs&amp;lt;/a&amp;gt; and/or visit the &amp;lt;a class=&amp;quot;se-wiki&amp;quot;&amp;gt;wiki&amp;lt;/a&amp;gt;.
      &amp;lt;span id=&amp;quot;console-item&amp;quot;&amp;gt;
        Or perhaps you are looking for the Selenium &amp;lt;span class=&amp;quot;se-type&amp;quot;&amp;gt;&amp;lt;/span&amp;gt; &amp;lt;a class=&amp;quot;se-console&amp;quot;&amp;gt;console&amp;lt;/a&amp;gt;.
      &amp;lt;/span&amp;gt;
    &amp;lt;/p&amp;gt;
    &amp;lt;p&amp;gt;
      Happy Testing!
    &amp;lt;/p&amp;gt;
  &amp;lt;/div&amp;gt;

  &amp;lt;div&amp;gt;
    &amp;lt;footer id=&amp;quot;help-footer&amp;quot;&amp;gt;
      Selenium is made possible through the efforts of our open source community, contributions from
      these &amp;lt;a href=&amp;quot;https://github.com/SeleniumHQ/selenium/blob/master/AUTHORS&amp;quot;&amp;gt;people&amp;lt;/a&amp;gt;, and our
      &amp;lt;a href=&amp;quot;http://www.seleniumhq.org/sponsors/&amp;quot;&amp;gt;sponsors&amp;lt;/a&amp;gt;.
   &amp;lt;/footer&amp;gt;
  &amp;lt;/div&amp;gt;
 &amp;lt;/div&amp;gt;

&amp;lt;/body&amp;gt;
&amp;lt;/html&amp;gt;
Build info: version: &amp;apos;3.6.0&amp;apos;, revision: &amp;apos;6fbf3ec767&amp;apos;, time: &amp;apos;2017-09-27T16:15:26.402Z&amp;apos;
System info: host: &amp;apos;DESKTOP-1ESRFEC&amp;apos;, ip: &amp;apos;192.168.1.10&amp;apos;, os.name: &amp;apos;Windows 10&amp;apos;, os.arch: &amp;apos;amd64&amp;apos;, os.version: &amp;apos;10.0&amp;apos;, java.version: &amp;apos;1.8.0_144&amp;apos;
Driver info: driver.version: RemoteWebDriver">
      <![CDATA[org.openqa.selenium.WebDriverException: Unable to parse remote response: <!DOCTYPE html><html lang="en"><head>  <meta charset="UTF-8">  <link rel="stylesheet" type="text/css" href="/assets/displayhelpservlet.css" media="all"/>  <link href="/assets/favicon.ico" rel="icon" type="image/x-icon" />  <script src="/assets/jquery-3.1.1.min.js" type="text/javascript"></script>  <script src="/assets/displayhelpservlet.js" type="text/javascript"></script>  <script type="text/javascript">    var json = Object.freeze('{"version":"3.8.1","type":"Grid Hub","consoleLink":"/grid/console"}');  </script></head><body><div id="content">  <div id="help-heading">    <h1><span id="logo"></span></h1>    <h2>Selenium <span class="se-type"></span>&nbsp;v.<span class="se-version"></span></h2>  </div>  <div id="content-body">    <p>      Whoops! The URL specified routes to this help page.    </p>    <p>      For more information about Selenium <span class="se-type"></span> please see the      <a class="se-docs">docs</a> and/or visit the <a class="se-wiki">wiki</a>.      <span id="console-item">        Or perhaps you are looking for the Selenium <span class="se-type"></span> <a class="se-console">console</a>.      </span>    </p>    <p>      Happy Testing!    </p>  </div>  <div>    <footer id="help-footer">      Selenium is made possible through the efforts of our open source community, contributions from      these <a href="https://github.com/SeleniumHQ/selenium/blob/master/AUTHORS">people</a>, and our      <a href="http://www.seleniumhq.org/sponsors/">sponsors</a>.   </footer>  </div> </div></body></html>Build info: version: '3.6.0', revision: '6fbf3ec767', time: '2017-09-27T16:15:26.402Z'System info: host: 'DESKTOP-1ESRFEC', ip: '192.168.1.10', os.name: 'Windows 10', os.arch: 'amd64', os.version: '10.0', java.version: '1.8.0_144'Driver info: driver.version: RemoteWebDriverat org.openqa.selenium.remote.ProtocolHandshake.createSession(ProtocolHandshake.java:347)at org.openqa.selenium.remote.ProtocolHandshake.createSession(ProtocolHandshake.java:136)at org.openqa.selenium.remote.HttpCommandExecutor.execute(HttpCommandExecutor.java:142)at org.openqa.selenium.remote.RemoteWebDriver.execute(RemoteWebDriver.java:586)at org.openqa.selenium.remote.RemoteWebDriver.startSession(RemoteWebDriver.java:217)at org.openqa.selenium.remote.RemoteWebDriver.<init>(RemoteWebDriver.java:140)at org.openqa.selenium.remote.RemoteWebDriver.<init>(RemoteWebDriver.java:153)at Grid1.Calculator_Google.before(Calculator_Google.java:55)... Removed 24 stack frames]]>
    </failure>
  </testcase> <!-- @BeforeTest before -->
  <testcase name="@AfterTest after" time="0.0" classname="Grid1.Calculator_Google">
    <skipped/>
  </testcase> <!-- @AfterTest after -->
  <testcase name="doCalculation" time="0.0" classname="Grid1.Calculator_Google">
    <skipped/>
  </testcase> <!-- doCalculation -->
  <testcase name="doCalculation" time="0.0" classname="Grid1.Calculator_Google">
    <skipped/>
  </testcase> <!-- doCalculation -->
  <testcase name="doCalculation" time="0.0" classname="Grid1.Calculator_Google">
    <skipped/>
  </testcase> <!-- doCalculation -->
  <testcase name="doCalculation" time="0.0" classname="Grid1.Calculator_Google">
    <skipped/>
  </testcase> <!-- doCalculation -->
</testsuite> <!-- Calculator_Google -->
