<?xml version="1.0" encoding="UTF-8"?>
<!-- Generated by org.testng.reporters.JUnitXMLReporter -->
<testsuite hostname="DESKTOP-1ESRFEC" ignored="0" tests="4" failures="0" timestamp="08 Jan 2018 00:55:28 GMT" time="25.653" errors="0">
  <testcase name="doCalculation" time="4.9" classname="Calculator_Google"/>
  <testcase name="doCalculation" time="4.542" classname="Calculator_Google"/>
  <testcase name="doCalculation" time="4.484" classname="Calculator_Google"/>
  <testcase name="doCalculation" time="4.398" classname="Calculator_Google"/>
</testsuite>
