<?xml version="1.0" encoding="UTF-8"?>
<!-- Generated by org.testng.reporters.JUnitXMLReporter -->
<testsuite hostname="DESKTOP-1ESRFEC" ignored="0" name="TestA" tests="3" failures="0" timestamp="29 Jan 2018 01:56:17 GMT" time="0.046" errors="0">
  <testcase name="testA1" time="0.01" classname="com.qtpselenium.core.ddf.testcases.TestcaseA"/>
  <testcase name="testA2" time="0.005" classname="com.qtpselenium.core.ddf.testcases.TestcaseA"/>
  <testcase name="testA3" time="0.002" classname="com.qtpselenium.core.ddf.testcases.TestcaseA"/>
</testsuite> <!-- TestA -->
