<?xml version="1.0" encoding="UTF-8"?>
<testng-results skipped="4" failed="0" ignored="0" total="4" passed="0">
  <reporter-output>
  </reporter-output>
  <suite name="Learning testNG" duration-ms="1025" started-at="2018-01-14T22:50:27Z" finished-at="2018-01-14T22:50:28Z">
    <groups>
    </groups>
    <test name="Calculator_Google" duration-ms="1025" started-at="2018-01-14T22:50:27Z" finished-at="2018-01-14T22:50:28Z">
      <class name="Grid1.Calculator_Google">
        <test-method status="FAIL" signature="before()[pri:0, instance:Grid1.Calculator_Google@2b98378d]" name="before" is-config="true" duration-ms="508" started-at="2018-01-14T16:50:27Z" finished-at="2018-01-14T16:50:27Z">
          <exception class="org.openqa.selenium.WebDriverException">
            <message>
              <![CDATA[Unable to parse remote response: <!DOCTYPE html><html lang="en"><head>  <meta charset="UTF-8">  <link rel="stylesheet" type="text/css" href="/assets/displayhelpservlet.css" media="all"/>  <link href="/assets/favicon.ico" rel="icon" type="image/x-icon" />  <script src="/assets/jquery-3.1.1.min.js" type="text/javascript"></script>  <script src="/assets/displayhelpservlet.js" type="text/javascript"></script>  <script type="text/javascript">    var json = Object.freeze('{"version":"3.8.1","type":"Grid Hub","consoleLink":"/grid/console"}');  </script></head><body><div id="content">  <div id="help-heading">    <h1><span id="logo"></span></h1>    <h2>Selenium <span class="se-type"></span>&nbsp;v.<span class="se-version"></span></h2>  </div>  <div id="content-body">    <p>      Whoops! The URL specified routes to this help page.    </p>    <p>      For more information about Selenium <span class="se-type"></span> please see the      <a class="se-docs">docs</a> and/or visit the <a class="se-wiki">wiki</a>.      <span id="console-item">        Or perhaps you are looking for the Selenium <span class="se-type"></span> <a class="se-console">console</a>.      </span>    </p>    <p>      Happy Testing!    </p>  </div>  <div>    <footer id="help-footer">      Selenium is made possible through the efforts of our open source community, contributions from      these <a href="https://github.com/SeleniumHQ/selenium/blob/master/AUTHORS">people</a>, and our      <a href="http://www.seleniumhq.org/sponsors/">sponsors</a>.   </footer>  </div> </div></body></html>Build info: version: '3.6.0', revision: '6fbf3ec767', time: '2017-09-27T16:15:26.402Z'System info: host: 'DESKTOP-1ESRFEC', ip: '192.168.1.10', os.name: 'Windows 10', os.arch: 'amd64', os.version: '10.0', java.version: '1.8.0_144'Driver info: driver.version: RemoteWebDriver]]>
            </message>
            <full-stacktrace>
              <![CDATA[org.openqa.selenium.WebDriverException: Unable to parse remote response: <!DOCTYPE html><html lang="en"><head>  <meta charset="UTF-8">  <link rel="stylesheet" type="text/css" href="/assets/displayhelpservlet.css" media="all"/>  <link href="/assets/favicon.ico" rel="icon" type="image/x-icon" />  <script src="/assets/jquery-3.1.1.min.js" type="text/javascript"></script>  <script src="/assets/displayhelpservlet.js" type="text/javascript"></script>  <script type="text/javascript">    var json = Object.freeze('{"version":"3.8.1","type":"Grid Hub","consoleLink":"/grid/console"}');  </script></head><body><div id="content">  <div id="help-heading">    <h1><span id="logo"></span></h1>    <h2>Selenium <span class="se-type"></span>&nbsp;v.<span class="se-version"></span></h2>  </div>  <div id="content-body">    <p>      Whoops! The URL specified routes to this help page.    </p>    <p>      For more information about Selenium <span class="se-type"></span> please see the      <a class="se-docs">docs</a> and/or visit the <a class="se-wiki">wiki</a>.      <span id="console-item">        Or perhaps you are looking for the Selenium <span class="se-type"></span> <a class="se-console">console</a>.      </span>    </p>    <p>      Happy Testing!    </p>  </div>  <div>    <footer id="help-footer">      Selenium is made possible through the efforts of our open source community, contributions from      these <a href="https://github.com/SeleniumHQ/selenium/blob/master/AUTHORS">people</a>, and our      <a href="http://www.seleniumhq.org/sponsors/">sponsors</a>.   </footer>  </div> </div></body></html>Build info: version: '3.6.0', revision: '6fbf3ec767', time: '2017-09-27T16:15:26.402Z'System info: host: 'DESKTOP-1ESRFEC', ip: '192.168.1.10', os.name: 'Windows 10', os.arch: 'amd64', os.version: '10.0', java.version: '1.8.0_144'Driver info: driver.version: RemoteWebDriverat org.openqa.selenium.remote.ProtocolHandshake.createSession(ProtocolHandshake.java:347)at org.openqa.selenium.remote.ProtocolHandshake.createSession(ProtocolHandshake.java:136)at org.openqa.selenium.remote.HttpCommandExecutor.execute(HttpCommandExecutor.java:142)at org.openqa.selenium.remote.RemoteWebDriver.execute(RemoteWebDriver.java:586)at org.openqa.selenium.remote.RemoteWebDriver.startSession(RemoteWebDriver.java:217)at org.openqa.selenium.remote.RemoteWebDriver.<init>(RemoteWebDriver.java:140)at org.openqa.selenium.remote.RemoteWebDriver.<init>(RemoteWebDriver.java:153)at Grid1.Calculator_Google.before(Calculator_Google.java:55)at sun.reflect.NativeMethodAccessorImpl.invoke0(Native Method)at sun.reflect.NativeMethodAccessorImpl.invoke(Unknown Source)at sun.reflect.DelegatingMethodAccessorImpl.invoke(Unknown Source)at java.lang.reflect.Method.invoke(Unknown Source)at org.testng.internal.MethodInvocationHelper.invokeMethod(MethodInvocationHelper.java:124)at org.testng.internal.MethodInvocationHelper.invokeMethodConsideringTimeout(MethodInvocationHelper.java:59)at org.testng.internal.Invoker.invokeConfigurationMethod(Invoker.java:451)at org.testng.internal.Invoker.invokeConfigurations(Invoker.java:222)at org.testng.internal.Invoker.invokeConfigurations(Invoker.java:142)at org.testng.TestRunner.beforeRun(TestRunner.java:529)at org.testng.TestRunner.run(TestRunner.java:497)at org.testng.SuiteRunner.runTest(SuiteRunner.java:455)at org.testng.SuiteRunner.runSequentially(SuiteRunner.java:450)at org.testng.SuiteRunner.privateRun(SuiteRunner.java:415)at org.testng.SuiteRunner.run(SuiteRunner.java:364)at org.testng.SuiteRunnerWorker.runSuite(SuiteRunnerWorker.java:52)at org.testng.SuiteRunnerWorker.run(SuiteRunnerWorker.java:84)at org.testng.TestNG.runSuitesSequentially(TestNG.java:1187)at org.testng.TestNG.runSuitesLocally(TestNG.java:1116)at org.testng.TestNG.runSuites(TestNG.java:1028)at org.testng.TestNG.run(TestNG.java:996)at org.testng.remote.AbstractRemoteTestNG.run(AbstractRemoteTestNG.java:114)at org.testng.remote.RemoteTestNG.initAndRun(RemoteTestNG.java:251)at org.testng.remote.RemoteTestNG.main(RemoteTestNG.java:77)]]>
            </full-stacktrace>
          </exception> <!-- org.openqa.selenium.WebDriverException -->
          <reporter-output>
          </reporter-output>
        </test-method> <!-- before -->
        <test-method status="SKIP" signature="doCalculation(java.lang.String, java.lang.String, java.lang.String, java.lang.String)[pri:0, instance:Grid1.Calculator_Google@2b98378d]" name="doCalculation" duration-ms="0" started-at="2018-01-14T16:50:28Z" data-provider="getData" finished-at="2018-01-14T16:50:28Z">
          <exception class="org.openqa.selenium.WebDriverException">
            <message>
              <![CDATA[Unable to parse remote response: <!DOCTYPE html><html lang="en"><head>  <meta charset="UTF-8">  <link rel="stylesheet" type="text/css" href="/assets/displayhelpservlet.css" media="all"/>  <link href="/assets/favicon.ico" rel="icon" type="image/x-icon" />  <script src="/assets/jquery-3.1.1.min.js" type="text/javascript"></script>  <script src="/assets/displayhelpservlet.js" type="text/javascript"></script>  <script type="text/javascript">    var json = Object.freeze('{"version":"3.8.1","type":"Grid Hub","consoleLink":"/grid/console"}');  </script></head><body><div id="content">  <div id="help-heading">    <h1><span id="logo"></span></h1>    <h2>Selenium <span class="se-type"></span>&nbsp;v.<span class="se-version"></span></h2>  </div>  <div id="content-body">    <p>      Whoops! The URL specified routes to this help page.    </p>    <p>      For more information about Selenium <span class="se-type"></span> please see the      <a class="se-docs">docs</a> and/or visit the <a class="se-wiki">wiki</a>.      <span id="console-item">        Or perhaps you are looking for the Selenium <span class="se-type"></span> <a class="se-console">console</a>.      </span>    </p>    <p>      Happy Testing!    </p>  </div>  <div>    <footer id="help-footer">      Selenium is made possible through the efforts of our open source community, contributions from      these <a href="https://github.com/SeleniumHQ/selenium/blob/master/AUTHORS">people</a>, and our      <a href="http://www.seleniumhq.org/sponsors/">sponsors</a>.   </footer>  </div> </div></body></html>Build info: version: '3.6.0', revision: '6fbf3ec767', time: '2017-09-27T16:15:26.402Z'System info: host: 'DESKTOP-1ESRFEC', ip: '192.168.1.10', os.name: 'Windows 10', os.arch: 'amd64', os.version: '10.0', java.version: '1.8.0_144'Driver info: driver.version: RemoteWebDriver]]>
            </message>
            <full-stacktrace>
              <![CDATA[org.openqa.selenium.WebDriverException: Unable to parse remote response: <!DOCTYPE html><html lang="en"><head>  <meta charset="UTF-8">  <link rel="stylesheet" type="text/css" href="/assets/displayhelpservlet.css" media="all"/>  <link href="/assets/favicon.ico" rel="icon" type="image/x-icon" />  <script src="/assets/jquery-3.1.1.min.js" type="text/javascript"></script>  <script src="/assets/displayhelpservlet.js" type="text/javascript"></script>  <script type="text/javascript">    var json = Object.freeze('{"version":"3.8.1","type":"Grid Hub","consoleLink":"/grid/console"}');  </script></head><body><div id="content">  <div id="help-heading">    <h1><span id="logo"></span></h1>    <h2>Selenium <span class="se-type"></span>&nbsp;v.<span class="se-version"></span></h2>  </div>  <div id="content-body">    <p>      Whoops! The URL specified routes to this help page.    </p>    <p>      For more information about Selenium <span class="se-type"></span> please see the      <a class="se-docs">docs</a> and/or visit the <a class="se-wiki">wiki</a>.      <span id="console-item">        Or perhaps you are looking for the Selenium <span class="se-type"></span> <a class="se-console">console</a>.      </span>    </p>    <p>      Happy Testing!    </p>  </div>  <div>    <footer id="help-footer">      Selenium is made possible through the efforts of our open source community, contributions from      these <a href="https://github.com/SeleniumHQ/selenium/blob/master/AUTHORS">people</a>, and our      <a href="http://www.seleniumhq.org/sponsors/">sponsors</a>.   </footer>  </div> </div></body></html>Build info: version: '3.6.0', revision: '6fbf3ec767', time: '2017-09-27T16:15:26.402Z'System info: host: 'DESKTOP-1ESRFEC', ip: '192.168.1.10', os.name: 'Windows 10', os.arch: 'amd64', os.version: '10.0', java.version: '1.8.0_144'Driver info: driver.version: RemoteWebDriverat org.openqa.selenium.remote.ProtocolHandshake.createSession(ProtocolHandshake.java:347)at org.openqa.selenium.remote.ProtocolHandshake.createSession(ProtocolHandshake.java:136)at org.openqa.selenium.remote.HttpCommandExecutor.execute(HttpCommandExecutor.java:142)at org.openqa.selenium.remote.RemoteWebDriver.execute(RemoteWebDriver.java:586)at org.openqa.selenium.remote.RemoteWebDriver.startSession(RemoteWebDriver.java:217)at org.openqa.selenium.remote.RemoteWebDriver.<init>(RemoteWebDriver.java:140)at org.openqa.selenium.remote.RemoteWebDriver.<init>(RemoteWebDriver.java:153)at Grid1.Calculator_Google.before(Calculator_Google.java:55)at sun.reflect.NativeMethodAccessorImpl.invoke0(Native Method)at sun.reflect.NativeMethodAccessorImpl.invoke(Unknown Source)at sun.reflect.DelegatingMethodAccessorImpl.invoke(Unknown Source)at java.lang.reflect.Method.invoke(Unknown Source)at org.testng.internal.MethodInvocationHelper.invokeMethod(MethodInvocationHelper.java:124)at org.testng.internal.MethodInvocationHelper.invokeMethodConsideringTimeout(MethodInvocationHelper.java:59)at org.testng.internal.Invoker.invokeConfigurationMethod(Invoker.java:451)at org.testng.internal.Invoker.invokeConfigurations(Invoker.java:222)at org.testng.internal.Invoker.invokeConfigurations(Invoker.java:142)at org.testng.TestRunner.beforeRun(TestRunner.java:529)at org.testng.TestRunner.run(TestRunner.java:497)at org.testng.SuiteRunner.runTest(SuiteRunner.java:455)at org.testng.SuiteRunner.runSequentially(SuiteRunner.java:450)at org.testng.SuiteRunner.privateRun(SuiteRunner.java:415)at org.testng.SuiteRunner.run(SuiteRunner.java:364)at org.testng.SuiteRunnerWorker.runSuite(SuiteRunnerWorker.java:52)at org.testng.SuiteRunnerWorker.run(SuiteRunnerWorker.java:84)at org.testng.TestNG.runSuitesSequentially(TestNG.java:1187)at org.testng.TestNG.runSuitesLocally(TestNG.java:1116)at org.testng.TestNG.runSuites(TestNG.java:1028)at org.testng.TestNG.run(TestNG.java:996)at org.testng.remote.AbstractRemoteTestNG.run(AbstractRemoteTestNG.java:114)at org.testng.remote.RemoteTestNG.initAndRun(RemoteTestNG.java:251)at org.testng.remote.RemoteTestNG.main(RemoteTestNG.java:77)]]>
            </full-stacktrace>
          </exception> <!-- org.openqa.selenium.WebDriverException -->
          <reporter-output>
          </reporter-output>
        </test-method> <!-- doCalculation -->
        <test-method status="SKIP" signature="doCalculation(java.lang.String, java.lang.String, java.lang.String, java.lang.String)[pri:0, instance:Grid1.Calculator_Google@2b98378d]" name="doCalculation" duration-ms="0" started-at="2018-01-14T16:50:28Z" data-provider="getData" finished-at="2018-01-14T16:50:28Z">
          <exception class="org.openqa.selenium.WebDriverException">
            <message>
              <![CDATA[Unable to parse remote response: <!DOCTYPE html><html lang="en"><head>  <meta charset="UTF-8">  <link rel="stylesheet" type="text/css" href="/assets/displayhelpservlet.css" media="all"/>  <link href="/assets/favicon.ico" rel="icon" type="image/x-icon" />  <script src="/assets/jquery-3.1.1.min.js" type="text/javascript"></script>  <script src="/assets/displayhelpservlet.js" type="text/javascript"></script>  <script type="text/javascript">    var json = Object.freeze('{"version":"3.8.1","type":"Grid Hub","consoleLink":"/grid/console"}');  </script></head><body><div id="content">  <div id="help-heading">    <h1><span id="logo"></span></h1>    <h2>Selenium <span class="se-type"></span>&nbsp;v.<span class="se-version"></span></h2>  </div>  <div id="content-body">    <p>      Whoops! The URL specified routes to this help page.    </p>    <p>      For more information about Selenium <span class="se-type"></span> please see the      <a class="se-docs">docs</a> and/or visit the <a class="se-wiki">wiki</a>.      <span id="console-item">        Or perhaps you are looking for the Selenium <span class="se-type"></span> <a class="se-console">console</a>.      </span>    </p>    <p>      Happy Testing!    </p>  </div>  <div>    <footer id="help-footer">      Selenium is made possible through the efforts of our open source community, contributions from      these <a href="https://github.com/SeleniumHQ/selenium/blob/master/AUTHORS">people</a>, and our      <a href="http://www.seleniumhq.org/sponsors/">sponsors</a>.   </footer>  </div> </div></body></html>Build info: version: '3.6.0', revision: '6fbf3ec767', time: '2017-09-27T16:15:26.402Z'System info: host: 'DESKTOP-1ESRFEC', ip: '192.168.1.10', os.name: 'Windows 10', os.arch: 'amd64', os.version: '10.0', java.version: '1.8.0_144'Driver info: driver.version: RemoteWebDriver]]>
            </message>
            <full-stacktrace>
              <![CDATA[org.openqa.selenium.WebDriverException: Unable to parse remote response: <!DOCTYPE html><html lang="en"><head>  <meta charset="UTF-8">  <link rel="stylesheet" type="text/css" href="/assets/displayhelpservlet.css" media="all"/>  <link href="/assets/favicon.ico" rel="icon" type="image/x-icon" />  <script src="/assets/jquery-3.1.1.min.js" type="text/javascript"></script>  <script src="/assets/displayhelpservlet.js" type="text/javascript"></script>  <script type="text/javascript">    var json = Object.freeze('{"version":"3.8.1","type":"Grid Hub","consoleLink":"/grid/console"}');  </script></head><body><div id="content">  <div id="help-heading">    <h1><span id="logo"></span></h1>    <h2>Selenium <span class="se-type"></span>&nbsp;v.<span class="se-version"></span></h2>  </div>  <div id="content-body">    <p>      Whoops! The URL specified routes to this help page.    </p>    <p>      For more information about Selenium <span class="se-type"></span> please see the      <a class="se-docs">docs</a> and/or visit the <a class="se-wiki">wiki</a>.      <span id="console-item">        Or perhaps you are looking for the Selenium <span class="se-type"></span> <a class="se-console">console</a>.      </span>    </p>    <p>      Happy Testing!    </p>  </div>  <div>    <footer id="help-footer">      Selenium is made possible through the efforts of our open source community, contributions from      these <a href="https://github.com/SeleniumHQ/selenium/blob/master/AUTHORS">people</a>, and our      <a href="http://www.seleniumhq.org/sponsors/">sponsors</a>.   </footer>  </div> </div></body></html>Build info: version: '3.6.0', revision: '6fbf3ec767', time: '2017-09-27T16:15:26.402Z'System info: host: 'DESKTOP-1ESRFEC', ip: '192.168.1.10', os.name: 'Windows 10', os.arch: 'amd64', os.version: '10.0', java.version: '1.8.0_144'Driver info: driver.version: RemoteWebDriverat org.openqa.selenium.remote.ProtocolHandshake.createSession(ProtocolHandshake.java:347)at org.openqa.selenium.remote.ProtocolHandshake.createSession(ProtocolHandshake.java:136)at org.openqa.selenium.remote.HttpCommandExecutor.execute(HttpCommandExecutor.java:142)at org.openqa.selenium.remote.RemoteWebDriver.execute(RemoteWebDriver.java:586)at org.openqa.selenium.remote.RemoteWebDriver.startSession(RemoteWebDriver.java:217)at org.openqa.selenium.remote.RemoteWebDriver.<init>(RemoteWebDriver.java:140)at org.openqa.selenium.remote.RemoteWebDriver.<init>(RemoteWebDriver.java:153)at Grid1.Calculator_Google.before(Calculator_Google.java:55)at sun.reflect.NativeMethodAccessorImpl.invoke0(Native Method)at sun.reflect.NativeMethodAccessorImpl.invoke(Unknown Source)at sun.reflect.DelegatingMethodAccessorImpl.invoke(Unknown Source)at java.lang.reflect.Method.invoke(Unknown Source)at org.testng.internal.MethodInvocationHelper.invokeMethod(MethodInvocationHelper.java:124)at org.testng.internal.MethodInvocationHelper.invokeMethodConsideringTimeout(MethodInvocationHelper.java:59)at org.testng.internal.Invoker.invokeConfigurationMethod(Invoker.java:451)at org.testng.internal.Invoker.invokeConfigurations(Invoker.java:222)at org.testng.internal.Invoker.invokeConfigurations(Invoker.java:142)at org.testng.TestRunner.beforeRun(TestRunner.java:529)at org.testng.TestRunner.run(TestRunner.java:497)at org.testng.SuiteRunner.runTest(SuiteRunner.java:455)at org.testng.SuiteRunner.runSequentially(SuiteRunner.java:450)at org.testng.SuiteRunner.privateRun(SuiteRunner.java:415)at org.testng.SuiteRunner.run(SuiteRunner.java:364)at org.testng.SuiteRunnerWorker.runSuite(SuiteRunnerWorker.java:52)at org.testng.SuiteRunnerWorker.run(SuiteRunnerWorker.java:84)at org.testng.TestNG.runSuitesSequentially(TestNG.java:1187)at org.testng.TestNG.runSuitesLocally(TestNG.java:1116)at org.testng.TestNG.runSuites(TestNG.java:1028)at org.testng.TestNG.run(TestNG.java:996)at org.testng.remote.AbstractRemoteTestNG.run(AbstractRemoteTestNG.java:114)at org.testng.remote.RemoteTestNG.initAndRun(RemoteTestNG.java:251)at org.testng.remote.RemoteTestNG.main(RemoteTestNG.java:77)]]>
            </full-stacktrace>
          </exception> <!-- org.openqa.selenium.WebDriverException -->
          <reporter-output>
          </reporter-output>
        </test-method> <!-- doCalculation -->
        <test-method status="SKIP" signature="doCalculation(java.lang.String, java.lang.String, java.lang.String, java.lang.String)[pri:0, instance:Grid1.Calculator_Google@2b98378d]" name="doCalculation" duration-ms="0" started-at="2018-01-14T16:50:28Z" data-provider="getData" finished-at="2018-01-14T16:50:28Z">
          <exception class="org.openqa.selenium.WebDriverException">
            <message>
              <![CDATA[Unable to parse remote response: <!DOCTYPE html><html lang="en"><head>  <meta charset="UTF-8">  <link rel="stylesheet" type="text/css" href="/assets/displayhelpservlet.css" media="all"/>  <link href="/assets/favicon.ico" rel="icon" type="image/x-icon" />  <script src="/assets/jquery-3.1.1.min.js" type="text/javascript"></script>  <script src="/assets/displayhelpservlet.js" type="text/javascript"></script>  <script type="text/javascript">    var json = Object.freeze('{"version":"3.8.1","type":"Grid Hub","consoleLink":"/grid/console"}');  </script></head><body><div id="content">  <div id="help-heading">    <h1><span id="logo"></span></h1>    <h2>Selenium <span class="se-type"></span>&nbsp;v.<span class="se-version"></span></h2>  </div>  <div id="content-body">    <p>      Whoops! The URL specified routes to this help page.    </p>    <p>      For more information about Selenium <span class="se-type"></span> please see the      <a class="se-docs">docs</a> and/or visit the <a class="se-wiki">wiki</a>.      <span id="console-item">        Or perhaps you are looking for the Selenium <span class="se-type"></span> <a class="se-console">console</a>.      </span>    </p>    <p>      Happy Testing!    </p>  </div>  <div>    <footer id="help-footer">      Selenium is made possible through the efforts of our open source community, contributions from      these <a href="https://github.com/SeleniumHQ/selenium/blob/master/AUTHORS">people</a>, and our      <a href="http://www.seleniumhq.org/sponsors/">sponsors</a>.   </footer>  </div> </div></body></html>Build info: version: '3.6.0', revision: '6fbf3ec767', time: '2017-09-27T16:15:26.402Z'System info: host: 'DESKTOP-1ESRFEC', ip: '192.168.1.10', os.name: 'Windows 10', os.arch: 'amd64', os.version: '10.0', java.version: '1.8.0_144'Driver info: driver.version: RemoteWebDriver]]>
            </message>
            <full-stacktrace>
              <![CDATA[org.openqa.selenium.WebDriverException: Unable to parse remote response: <!DOCTYPE html><html lang="en"><head>  <meta charset="UTF-8">  <link rel="stylesheet" type="text/css" href="/assets/displayhelpservlet.css" media="all"/>  <link href="/assets/favicon.ico" rel="icon" type="image/x-icon" />  <script src="/assets/jquery-3.1.1.min.js" type="text/javascript"></script>  <script src="/assets/displayhelpservlet.js" type="text/javascript"></script>  <script type="text/javascript">    var json = Object.freeze('{"version":"3.8.1","type":"Grid Hub","consoleLink":"/grid/console"}');  </script></head><body><div id="content">  <div id="help-heading">    <h1><span id="logo"></span></h1>    <h2>Selenium <span class="se-type"></span>&nbsp;v.<span class="se-version"></span></h2>  </div>  <div id="content-body">    <p>      Whoops! The URL specified routes to this help page.    </p>    <p>      For more information about Selenium <span class="se-type"></span> please see the      <a class="se-docs">docs</a> and/or visit the <a class="se-wiki">wiki</a>.      <span id="console-item">        Or perhaps you are looking for the Selenium <span class="se-type"></span> <a class="se-console">console</a>.      </span>    </p>    <p>      Happy Testing!    </p>  </div>  <div>    <footer id="help-footer">      Selenium is made possible through the efforts of our open source community, contributions from      these <a href="https://github.com/SeleniumHQ/selenium/blob/master/AUTHORS">people</a>, and our      <a href="http://www.seleniumhq.org/sponsors/">sponsors</a>.   </footer>  </div> </div></body></html>Build info: version: '3.6.0', revision: '6fbf3ec767', time: '2017-09-27T16:15:26.402Z'System info: host: 'DESKTOP-1ESRFEC', ip: '192.168.1.10', os.name: 'Windows 10', os.arch: 'amd64', os.version: '10.0', java.version: '1.8.0_144'Driver info: driver.version: RemoteWebDriverat org.openqa.selenium.remote.ProtocolHandshake.createSession(ProtocolHandshake.java:347)at org.openqa.selenium.remote.ProtocolHandshake.createSession(ProtocolHandshake.java:136)at org.openqa.selenium.remote.HttpCommandExecutor.execute(HttpCommandExecutor.java:142)at org.openqa.selenium.remote.RemoteWebDriver.execute(RemoteWebDriver.java:586)at org.openqa.selenium.remote.RemoteWebDriver.startSession(RemoteWebDriver.java:217)at org.openqa.selenium.remote.RemoteWebDriver.<init>(RemoteWebDriver.java:140)at org.openqa.selenium.remote.RemoteWebDriver.<init>(RemoteWebDriver.java:153)at Grid1.Calculator_Google.before(Calculator_Google.java:55)at sun.reflect.NativeMethodAccessorImpl.invoke0(Native Method)at sun.reflect.NativeMethodAccessorImpl.invoke(Unknown Source)at sun.reflect.DelegatingMethodAccessorImpl.invoke(Unknown Source)at java.lang.reflect.Method.invoke(Unknown Source)at org.testng.internal.MethodInvocationHelper.invokeMethod(MethodInvocationHelper.java:124)at org.testng.internal.MethodInvocationHelper.invokeMethodConsideringTimeout(MethodInvocationHelper.java:59)at org.testng.internal.Invoker.invokeConfigurationMethod(Invoker.java:451)at org.testng.internal.Invoker.invokeConfigurations(Invoker.java:222)at org.testng.internal.Invoker.invokeConfigurations(Invoker.java:142)at org.testng.TestRunner.beforeRun(TestRunner.java:529)at org.testng.TestRunner.run(TestRunner.java:497)at org.testng.SuiteRunner.runTest(SuiteRunner.java:455)at org.testng.SuiteRunner.runSequentially(SuiteRunner.java:450)at org.testng.SuiteRunner.privateRun(SuiteRunner.java:415)at org.testng.SuiteRunner.run(SuiteRunner.java:364)at org.testng.SuiteRunnerWorker.runSuite(SuiteRunnerWorker.java:52)at org.testng.SuiteRunnerWorker.run(SuiteRunnerWorker.java:84)at org.testng.TestNG.runSuitesSequentially(TestNG.java:1187)at org.testng.TestNG.runSuitesLocally(TestNG.java:1116)at org.testng.TestNG.runSuites(TestNG.java:1028)at org.testng.TestNG.run(TestNG.java:996)at org.testng.remote.AbstractRemoteTestNG.run(AbstractRemoteTestNG.java:114)at org.testng.remote.RemoteTestNG.initAndRun(RemoteTestNG.java:251)at org.testng.remote.RemoteTestNG.main(RemoteTestNG.java:77)]]>
            </full-stacktrace>
          </exception> <!-- org.openqa.selenium.WebDriverException -->
          <reporter-output>
          </reporter-output>
        </test-method> <!-- doCalculation -->
        <test-method status="SKIP" signature="doCalculation(java.lang.String, java.lang.String, java.lang.String, java.lang.String)[pri:0, instance:Grid1.Calculator_Google@2b98378d]" name="doCalculation" duration-ms="0" started-at="2018-01-14T16:50:28Z" data-provider="getData" finished-at="2018-01-14T16:50:28Z">
          <exception class="org.openqa.selenium.WebDriverException">
            <message>
              <![CDATA[Unable to parse remote response: <!DOCTYPE html><html lang="en"><head>  <meta charset="UTF-8">  <link rel="stylesheet" type="text/css" href="/assets/displayhelpservlet.css" media="all"/>  <link href="/assets/favicon.ico" rel="icon" type="image/x-icon" />  <script src="/assets/jquery-3.1.1.min.js" type="text/javascript"></script>  <script src="/assets/displayhelpservlet.js" type="text/javascript"></script>  <script type="text/javascript">    var json = Object.freeze('{"version":"3.8.1","type":"Grid Hub","consoleLink":"/grid/console"}');  </script></head><body><div id="content">  <div id="help-heading">    <h1><span id="logo"></span></h1>    <h2>Selenium <span class="se-type"></span>&nbsp;v.<span class="se-version"></span></h2>  </div>  <div id="content-body">    <p>      Whoops! The URL specified routes to this help page.    </p>    <p>      For more information about Selenium <span class="se-type"></span> please see the      <a class="se-docs">docs</a> and/or visit the <a class="se-wiki">wiki</a>.      <span id="console-item">        Or perhaps you are looking for the Selenium <span class="se-type"></span> <a class="se-console">console</a>.      </span>    </p>    <p>      Happy Testing!    </p>  </div>  <div>    <footer id="help-footer">      Selenium is made possible through the efforts of our open source community, contributions from      these <a href="https://github.com/SeleniumHQ/selenium/blob/master/AUTHORS">people</a>, and our      <a href="http://www.seleniumhq.org/sponsors/">sponsors</a>.   </footer>  </div> </div></body></html>Build info: version: '3.6.0', revision: '6fbf3ec767', time: '2017-09-27T16:15:26.402Z'System info: host: 'DESKTOP-1ESRFEC', ip: '192.168.1.10', os.name: 'Windows 10', os.arch: 'amd64', os.version: '10.0', java.version: '1.8.0_144'Driver info: driver.version: RemoteWebDriver]]>
            </message>
            <full-stacktrace>
              <![CDATA[org.openqa.selenium.WebDriverException: Unable to parse remote response: <!DOCTYPE html><html lang="en"><head>  <meta charset="UTF-8">  <link rel="stylesheet" type="text/css" href="/assets/displayhelpservlet.css" media="all"/>  <link href="/assets/favicon.ico" rel="icon" type="image/x-icon" />  <script src="/assets/jquery-3.1.1.min.js" type="text/javascript"></script>  <script src="/assets/displayhelpservlet.js" type="text/javascript"></script>  <script type="text/javascript">    var json = Object.freeze('{"version":"3.8.1","type":"Grid Hub","consoleLink":"/grid/console"}');  </script></head><body><div id="content">  <div id="help-heading">    <h1><span id="logo"></span></h1>    <h2>Selenium <span class="se-type"></span>&nbsp;v.<span class="se-version"></span></h2>  </div>  <div id="content-body">    <p>      Whoops! The URL specified routes to this help page.    </p>    <p>      For more information about Selenium <span class="se-type"></span> please see the      <a class="se-docs">docs</a> and/or visit the <a class="se-wiki">wiki</a>.      <span id="console-item">        Or perhaps you are looking for the Selenium <span class="se-type"></span> <a class="se-console">console</a>.      </span>    </p>    <p>      Happy Testing!    </p>  </div>  <div>    <footer id="help-footer">      Selenium is made possible through the efforts of our open source community, contributions from      these <a href="https://github.com/SeleniumHQ/selenium/blob/master/AUTHORS">people</a>, and our      <a href="http://www.seleniumhq.org/sponsors/">sponsors</a>.   </footer>  </div> </div></body></html>Build info: version: '3.6.0', revision: '6fbf3ec767', time: '2017-09-27T16:15:26.402Z'System info: host: 'DESKTOP-1ESRFEC', ip: '192.168.1.10', os.name: 'Windows 10', os.arch: 'amd64', os.version: '10.0', java.version: '1.8.0_144'Driver info: driver.version: RemoteWebDriverat org.openqa.selenium.remote.ProtocolHandshake.createSession(ProtocolHandshake.java:347)at org.openqa.selenium.remote.ProtocolHandshake.createSession(ProtocolHandshake.java:136)at org.openqa.selenium.remote.HttpCommandExecutor.execute(HttpCommandExecutor.java:142)at org.openqa.selenium.remote.RemoteWebDriver.execute(RemoteWebDriver.java:586)at org.openqa.selenium.remote.RemoteWebDriver.startSession(RemoteWebDriver.java:217)at org.openqa.selenium.remote.RemoteWebDriver.<init>(RemoteWebDriver.java:140)at org.openqa.selenium.remote.RemoteWebDriver.<init>(RemoteWebDriver.java:153)at Grid1.Calculator_Google.before(Calculator_Google.java:55)at sun.reflect.NativeMethodAccessorImpl.invoke0(Native Method)at sun.reflect.NativeMethodAccessorImpl.invoke(Unknown Source)at sun.reflect.DelegatingMethodAccessorImpl.invoke(Unknown Source)at java.lang.reflect.Method.invoke(Unknown Source)at org.testng.internal.MethodInvocationHelper.invokeMethod(MethodInvocationHelper.java:124)at org.testng.internal.MethodInvocationHelper.invokeMethodConsideringTimeout(MethodInvocationHelper.java:59)at org.testng.internal.Invoker.invokeConfigurationMethod(Invoker.java:451)at org.testng.internal.Invoker.invokeConfigurations(Invoker.java:222)at org.testng.internal.Invoker.invokeConfigurations(Invoker.java:142)at org.testng.TestRunner.beforeRun(TestRunner.java:529)at org.testng.TestRunner.run(TestRunner.java:497)at org.testng.SuiteRunner.runTest(SuiteRunner.java:455)at org.testng.SuiteRunner.runSequentially(SuiteRunner.java:450)at org.testng.SuiteRunner.privateRun(SuiteRunner.java:415)at org.testng.SuiteRunner.run(SuiteRunner.java:364)at org.testng.SuiteRunnerWorker.runSuite(SuiteRunnerWorker.java:52)at org.testng.SuiteRunnerWorker.run(SuiteRunnerWorker.java:84)at org.testng.TestNG.runSuitesSequentially(TestNG.java:1187)at org.testng.TestNG.runSuitesLocally(TestNG.java:1116)at org.testng.TestNG.runSuites(TestNG.java:1028)at org.testng.TestNG.run(TestNG.java:996)at org.testng.remote.AbstractRemoteTestNG.run(AbstractRemoteTestNG.java:114)at org.testng.remote.RemoteTestNG.initAndRun(RemoteTestNG.java:251)at org.testng.remote.RemoteTestNG.main(RemoteTestNG.java:77)]]>
            </full-stacktrace>
          </exception> <!-- org.openqa.selenium.WebDriverException -->
          <reporter-output>
          </reporter-output>
        </test-method> <!-- doCalculation -->
        <test-method status="SKIP" signature="after()[pri:0, instance:Grid1.Calculator_Google@2b98378d]" name="after" is-config="true" duration-ms="0" started-at="2018-01-14T16:50:28Z" finished-at="2018-01-14T16:50:28Z">
          <reporter-output>
          </reporter-output>
        </test-method> <!-- after -->
      </class> <!-- Grid1.Calculator_Google -->
    </test> <!-- Calculator_Google -->
  </suite> <!-- Learning testNG -->
</testng-results>
